{"/home/mis/Projects/_.Learn._/React/_.OnProgress._/typescript-webpack-react/src/foo.ts": {"path":"/home/mis/Projects/_.Learn._/React/_.OnProgress._/typescript-webpack-react/src/foo.ts","statementMap":{"0":{"start":{"line":1,"column":13},"end":{"line":1,"column":81}},"1":{"start":{"line":1,"column":20},"end":{"line":1,"column":33}},"2":{"start":{"line":1,"column":20},"end":{"line":1,"column":34}},"3":{"start":{"line":1,"column":39},"end":{"line":1,"column":80}},"4":{"start":{"line":1,"column":67},"end":{"line":1,"column":76}}},"fnMap":{"0":{"name":"(anonymous_0)","decl":{"start":{"line":1,"column":19},"end":{"line":null,"column":-1}},"loc":{"start":{"line":1,"column":19},"end":{"line":1,"column":80}}},"1":{"name":"(anonymous_1)","decl":{"start":{"line":1,"column":53},"end":{"line":1,"column":53}},"loc":{"start":{"line":1,"column":62},"end":{"line":1,"column":76}}}},"branchMap":{},"s":{"0":1,"1":2,"2":2,"3":2,"4":2},"f":{"0":2,"1":2},"b":{}}
,"/home/mis/Projects/_.Learn._/React/_.OnProgress._/typescript-webpack-react/src/components/App.tsx": {"path":"/home/mis/Projects/_.Learn._/React/_.OnProgress._/typescript-webpack-react/src/components/App.tsx","statementMap":{"0":{"start":{"line":1,"column":0},"end":{"line":1,"column":30}},"1":{"start":{"line":2,"column":0},"end":{"line":2,"column":36}},"2":{"start":{"line":4,"column":0},"end":{"line":4,"column":35}},"3":{"start":{"line":6,"column":0},"end":{"line":6,"column":23}},"4":{"start":{"line":12,"column":26},"end":{"line":12,"column":33}},"5":{"start":{"line":13,"column":2},"end":{"line":19,"column":4}},"6":{"start":{"line":12,"column":0},"end":{"line":20,"column":1}}},"fnMap":{"0":{"name":"default_1","decl":{"start":{"line":12,"column":0},"end":{"line":12,"column":23}},"loc":{"start":{"line":12,"column":45},"end":{"line":20,"column":1}}}},"branchMap":{},"s":{"0":1,"1":1,"2":1,"3":1,"4":1,"5":1,"6":1},"f":{"0":1},"b":{}}
,"/home/mis/Projects/_.Learn._/React/_.OnProgress._/typescript-webpack-react/src/components/Wow.tsx": {"path":"/home/mis/Projects/_.Learn._/React/_.OnProgress._/typescript-webpack-react/src/components/Wow.tsx","statementMap":{"0":{"start":{"line":1,"column":0},"end":{"line":1,"column":30}},"1":{"start":{"line":4,"column":2},"end":{"line":4,"column":22}},"2":{"start":{"line":3,"column":0},"end":{"line":5,"column":1}}},"fnMap":{"0":{"name":"default_1","decl":{"start":{"line":3,"column":0},"end":{"line":null,"column":-1}},"loc":{"start":{"line":3,"column":0},"end":{"line":5,"column":1}}}},"branchMap":{},"s":{"0":2,"1":2,"2":2},"f":{"0":2},"b":{}}
}
