TN:
SF:/home/mis/Projects/_.Learn._/React/_.OnProgress._/typescript-webpack-react/src/foo.ts
FN:1,(anonymous_0)
FN:1,(anonymous_1)
FNF:2
FNH:2
FNDA:2,(anonymous_0)
FNDA:2,(anonymous_1)
DA:1,2
LF:1
LH:1
BRF:0
BRH:0
end_of_record
TN:
SF:/home/mis/Projects/_.Learn._/React/_.OnProgress._/typescript-webpack-react/src/components/App.tsx
FN:12,default_1
FNF:1
FNH:1
FNDA:1,default_1
DA:1,1
DA:2,1
DA:4,1
DA:6,1
DA:12,1
DA:13,1
LF:6
LH:6
BRF:0
BRH:0
end_of_record
TN:
SF:/home/mis/Projects/_.Learn._/React/_.OnProgress._/typescript-webpack-react/src/components/Wow.tsx
FN:3,default_1
FNF:1
FNH:1
FNDA:2,default_1
DA:1,2
DA:3,2
DA:4,2
LF:3
LH:3
BRF:0
BRH:0
end_of_record
